13:12:47.796 [main                     ] DEBUG GameApplication      - Logger initialized
13:12:47.827 [main                     ] DEBUG GameApplication      - Logging settings
Title: Coin Run
Version: 0.0
Width: 1200
Height: 700
Fullscreen: false
Intro: false
Menus: false
Profiling: false
Single step:false
App Mode: DEVELOPER
Menu Key: ESCAPE
Stage Style: DECORATED
Scene Factory: class com.almasb.fxgl.app.SceneFactory
Dialog Factory: class com.almasb.fxgl.ui.FXGLDialogFactory
UI Factory: class com.almasb.fxgl.ui.FXGLUIFactory

13:12:48.577 [JavaFX Application Thread] DEBUG Engine               - Initializing FXGL
13:12:48.588 [JavaFX Application Thread] INFO  Engine               - FXGL-11.2-beta on DESKTOP
13:12:48.589 [JavaFX Application Thread] INFO  Engine               - Source code and latest versions at: https://github.com/AlmasB/FXGL
13:12:48.589 [JavaFX Application Thread] INFO  Engine               -              Join the FXGL chat at: https://gitter.im/AlmasB/FXGL
13:12:48.594 [JavaFX Application Thread] DEBUG Engine               - Adding new engine service: class com.almasb.fxgl.audio.AudioPlayer
13:12:48.596 [JavaFX Application Thread] DEBUG Engine               - Adding new engine service: class com.almasb.fxgl.notification.impl.NotificationServiceProvider
13:12:48.597 [JavaFX Application Thread] DEBUG Engine               - Adding new engine service: class com.almasb.fxgl.achievement.AchievementManager
13:12:48.598 [JavaFX Application Thread] DEBUG Engine               - Adding new engine service: class com.almasb.fxgl.dev.DevService
13:12:48.619 [JavaFX Application Thread] DEBUG SaveLoadManager      - Checking profiles dir: profiles/
13:12:48.622 [JavaFX Application Thread] DEBUG FS                   - Loaded MobileFSService
13:12:48.623 [JavaFX Application Thread] DEBUG Engine               - Loading localizations
13:12:48.636 [JavaFX Application Thread] DEBUG AssetLoader          - Loading from disk: /assets/properties/languages/english.properties
13:12:48.640 [JavaFX Application Thread] DEBUG AssetLoader          - Loading from disk: /assets/properties/languages/french.properties
13:12:48.642 [JavaFX Application Thread] DEBUG AssetLoader          - Loading from disk: /assets/properties/languages/german.properties
13:12:48.644 [JavaFX Application Thread] DEBUG AssetLoader          - Loading from disk: /assets/properties/languages/russian.properties
13:12:48.647 [JavaFX Application Thread] DEBUG AssetLoader          - Loading from disk: /assets/properties/languages/hungarian.properties
13:12:48.650 [JavaFX Application Thread] DEBUG Engine               - Registering font factories
13:12:48.651 [JavaFX Application Thread] DEBUG AssetLoader          - Loading from disk: /assets/ui/fonts/VarelaRound-Regular.ttf
13:12:49.017 [JavaFX Application Thread] DEBUG AssetLoader          - Loading from disk: /assets/ui/fonts/Abel-Regular.ttf
13:12:49.030 [JavaFX Application Thread] DEBUG AssetLoader          - Loading from disk: /assets/ui/fonts/lucida_console.ttf
13:12:49.045 [JavaFX Application Thread] DEBUG AssetLoader          - Loading from disk: /assets/ui/fonts/Courier-Prime.ttf
13:12:49.058 [JavaFX Application Thread] DEBUG Engine               - Setting UI factory
13:12:49.177 [JavaFX Application Thread] DEBUG AssetLoader          - Loading from disk: /assets/ui/cursors/fxgl_default.png
13:12:49.311 [JavaFX Application Thread] DEBUG MainWindow           - Creating a JavaFX scene
13:12:49.388 [JavaFX Application Thread] DEBUG MainWindow           - Target settings size: 1200.0 x 700.0
13:12:49.388 [JavaFX Application Thread] DEBUG MainWindow           - Scaled scene size:    1200.0 x 700.0
13:12:49.389 [JavaFX Application Thread] DEBUG MainWindow           - Scaled ratio: (1.0, 1.0)
13:12:49.390 [JavaFX Application Thread] DEBUG AssetLoader          - Loading from disk: /assets/ui/css/fxgl_dark.css
13:12:49.391 [JavaFX Application Thread] DEBUG Input                - Clearing active input actions
13:12:49.391 [JavaFX Application Thread] DEBUG MainWindow           - StartupScene -> StartupScene
13:12:49.394 [JavaFX Application Thread] DEBUG AssetLoader          - Loading from disk: /assets/textures/fxgl_icon.png
13:12:49.425 [JavaFX Application Thread] DEBUG MainWindow           - Opening main window
13:12:49.701 [JavaFX Application Thread] DEBUG MainWindow           - Window border size: (16.0, 39.0)
13:12:49.702 [JavaFX Application Thread] DEBUG MainWindow           - Scaled size: 1200.0 x 700.0
13:12:49.702 [JavaFX Application Thread] DEBUG MainWindow           - Scaled ratio: (1.0, 1.0)
13:12:49.702 [JavaFX Application Thread] DEBUG MainWindow           - Scene size: 1200.0 x 700.0
13:12:49.702 [JavaFX Application Thread] DEBUG MainWindow           - Stage size: 1216.0 x 739.0
13:12:49.754 [FXGL Background Thread 1 ] DEBUG Engine               - Loading FXGL system data
13:12:49.761 [FXGL Background Thread 1 ] DEBUG MobileFSService      - Reading from: C:\Users\fhb36\OneDrive\Desktop\Workshop\SampleGame\system\fxgl.bundle
13:12:49.777 [FXGL Background Thread 1 ] DEBUG Engine               - Bundle FXGL: {}
13:12:49.777 [FXGL Background Thread 1 ] DEBUG Engine               - Initializing application scenes
13:12:49.779 [FXGL Background Thread 1 ] DEBUG AssetLoader          - Loading from disk: /assets/ui/cursors/fxgl_default.png
13:12:49.810 [FXGL Background Thread 1 ] DEBUG GameWorld            - Game world initialized
13:12:49.960 [FXGL Background Thread 1 ] DEBUG PhysicsWorld         - Physics world initialized: appHeight=700, physics.ppm=50.0
13:12:49.961 [FXGL Background Thread 1 ] DEBUG AssetLoader          - Loading from disk: /assets/ui/cursors/fxgl_default.png
13:12:49.967 [FXGL Background Thread 1 ] DEBUG GameScene            - Game scene initialized: 1200x700
13:12:50.041 [FXGL Background Thread 1 ] DEBUG Input                - Registered new binding: Pause - Esc
13:12:50.041 [FXGL Background Thread 1 ] DEBUG Engine               - Application scenes initialized
13:12:50.047 [JavaFX Application Thread] DEBUG Engine               - Running preInit()
13:12:50.048 [JavaFX Application Thread] DEBUG Input                - Registered new binding: Go right - Right
13:12:50.048 [JavaFX Application Thread] DEBUG Input                - Registered new binding: Go left - Left
13:12:50.048 [JavaFX Application Thread] DEBUG Input                - Registered new binding: Jump - Space
13:12:50.050 [JavaFX Application Thread] DEBUG Input                - Registered new binding: Screenshot - P
13:12:50.051 [JavaFX Application Thread] DEBUG Input                - Registered new binding: Dev Options - 1
13:12:50.052 [JavaFX Application Thread] DEBUG Input                - Registered new binding: System info dump - CTRL+9
13:12:50.052 [JavaFX Application Thread] DEBUG Input                - Registered new binding: Restart - CTRL+R
13:12:50.053 [JavaFX Application Thread] DEBUG Engine               - generateDefaultProfile()
13:12:50.053 [JavaFX Application Thread] DEBUG Engine               - Creating default profile
13:12:50.054 [JavaFX Application Thread] DEBUG EventBus             - Firing event: SaveEvent
13:12:50.072 [JavaFX Application Thread] DEBUG Engine               - Logging environment variables
13:12:50.072 [JavaFX Application Thread] DEBUG Engine               - achievementStores: []
13:12:50.072 [JavaFX Application Thread] DEBUG Engine               - cSS: fxgl_dark.css
13:12:50.073 [JavaFX Application Thread] DEBUG Engine               - language: ObjectProperty [value: ENGLISH]
13:12:50.073 [JavaFX Application Thread] DEBUG Engine               - isCloseConfirmation: false
13:12:50.073 [JavaFX Application Thread] DEBUG Engine               - isProfilingEnabled: false
13:12:50.073 [JavaFX Application Thread] DEBUG Engine               - soundNotification: core/notification.wav
13:12:50.073 [JavaFX Application Thread] DEBUG Engine               - pixelsPerMeter: 50.0
13:12:50.073 [JavaFX Application Thread] DEBUG Engine               - overlayRoot: Group@76f36aad
13:12:50.074 [JavaFX Application Thread] DEBUG Engine               - appIcon: fxgl_icon.png
13:12:50.074 [JavaFX Application Thread] DEBUG Engine               - soundMenuBack: menu/back.wav
13:12:50.074 [JavaFX Application Thread] DEBUG Engine               - isFullScreenAllowed: false
13:12:50.074 [JavaFX Application Thread] DEBUG Engine               - isIntroEnabled: false
13:12:50.074 [JavaFX Application Thread] DEBUG Engine               - fontMono: lucida_console.ttf
13:12:50.074 [JavaFX Application Thread] DEBUG Engine               - soundMenuSelect: menu/select.wav
13:12:50.074 [JavaFX Application Thread] DEBUG Engine               - height: 700
13:12:50.075 [JavaFX Application Thread] DEBUG Engine               - isSingleStep: false
13:12:50.075 [JavaFX Application Thread] DEBUG Engine               - fontGame: Abel-Regular.ttf
13:12:50.075 [JavaFX Application Thread] DEBUG Engine               - menuKey: ESCAPE
13:12:50.075 [JavaFX Application Thread] DEBUG Engine               - versionCheckDays: 7
13:12:50.075 [JavaFX Application Thread] DEBUG Engine               - masterTimer: com.almasb.fxgl.time.Timer@1d9c90c9
13:12:50.075 [JavaFX Application Thread] DEBUG Engine               - configClass: Optional.empty
13:12:50.075 [JavaFX Application Thread] DEBUG Engine               - version: 0.0
13:12:50.076 [JavaFX Application Thread] DEBUG Engine               - fullScreen: BooleanProperty [value: false]
13:12:50.076 [JavaFX Application Thread] DEBUG Engine               - dialogFactory: com.almasb.fxgl.ui.FXGLDialogFactory@1e2b10fd
13:12:50.076 [JavaFX Application Thread] DEBUG Engine               - applicationMode: DEVELOPER
13:12:50.076 [JavaFX Application Thread] DEBUG Engine               - urlGoogleForms: https://goo.gl/forms/6wrMnOBxTE1fEpOy2
13:12:50.076 [JavaFX Application Thread] DEBUG Engine               - isMenuEnabled: false
13:12:50.076 [JavaFX Application Thread] DEBUG Engine               - urlPOM: https://raw.githubusercontent.com/AlmasB/FXGL/master/pom.xml
13:12:50.076 [JavaFX Application Thread] DEBUG Engine               - profileName: user.profile
13:12:50.077 [JavaFX Application Thread] DEBUG Engine               - notificationViewClass: class com.almasb.fxgl.notification.view.XboxNotificationView
13:12:50.077 [JavaFX Application Thread] DEBUG Engine               - sceneFactory: com.almasb.fxgl.app.SceneFactory@222e1b84
13:12:50.077 [JavaFX Application Thread] DEBUG Engine               - dataFileExt: .dat
13:12:50.077 [JavaFX Application Thread] DEBUG Engine               - stageStyle: DECORATED
13:12:50.077 [JavaFX Application Thread] DEBUG Engine               - isManualResizeEnabled: false
13:12:50.077 [JavaFX Application Thread] DEBUG Engine               - title: Coin Run
13:12:50.077 [JavaFX Application Thread] DEBUG Engine               - credits: []
13:12:50.077 [JavaFX Application Thread] DEBUG Engine               - uIFactory: com.almasb.fxgl.ui.FXGLUIFactory@5a0ecb8e
13:12:50.078 [JavaFX Application Thread] DEBUG Engine               - fontText: Courier-Prime.ttf
13:12:50.078 [JavaFX Application Thread] DEBUG Engine               - isExperimentalTiledLargeMap: false
13:12:50.078 [JavaFX Application Thread] DEBUG Engine               - secondsIn24h: 60
13:12:50.078 [JavaFX Application Thread] DEBUG Engine               - soundMenuPress: menu/press.wav
13:12:50.078 [JavaFX Application Thread] DEBUG Engine               - urlGithub: https://github.com/AlmasB/FXGL
13:12:50.078 [JavaFX Application Thread] DEBUG Engine               - profileDir: profiles/
13:12:50.078 [JavaFX Application Thread] DEBUG Engine               - urlLeaderboard: http://fxgl-top.herokuapp.com/
13:12:50.079 [JavaFX Application Thread] DEBUG Engine               - saveDir: saves/
13:12:50.079 [JavaFX Application Thread] DEBUG Engine               - engineServices: [class com.almasb.fxgl.audio.AudioPlayer, class com.almasb.fxgl.notification.impl.NotificationServiceProvider, class com.almasb.fxgl.achievement.AchievementManager]
13:12:50.079 [JavaFX Application Thread] DEBUG Engine               - width: 1200
13:12:50.079 [JavaFX Application Thread] DEBUG Engine               - saveFileExt: .sav
13:12:50.079 [JavaFX Application Thread] DEBUG Engine               - fontUI: VarelaRound-Regular.ttf
13:12:50.080 [JavaFX Application Thread] DEBUG Engine               - enabledMenuItems: []
13:12:50.101 [JavaFX Application Thread] INFO  Engine               - FXGL initialization took: 1.478 sec
13:12:50.101 [JavaFX Application Thread] DEBUG LoopRunner           - Starting loop
13:12:50.113 [JavaFX Application Thread] DEBUG StartupScene         - STARTUP
13:12:50.113 [JavaFX Application Thread] DEBUG Engine               - Starting new game
13:12:50.113 [JavaFX Application Thread] DEBUG AssetLoader          - Loading from disk: /assets/ui/css/fxgl_dark.css
13:12:50.114 [JavaFX Application Thread] DEBUG Input                - Clearing active input actions
13:12:50.130 [JavaFX Application Thread] DEBUG MainWindow           - StartupScene -> LoadingScene
13:12:50.140 [JavaFX Application Thread] DEBUG Engine               - Removing overlay from StartupScene and adding to LoadingScene
13:12:50.154 [FXGL Background Thread 1 ] DEBUG InitAppTask          - Clearing previous game
13:12:50.155 [FXGL Background Thread 1 ] DEBUG GameWorld            - Clearing game world
13:12:50.155 [FXGL Background Thread 1 ] DEBUG PhysicsWorld         - Clearing physics world
13:12:50.155 [FXGL Background Thread 1 ] DEBUG GameScene            - Clearing game scene
13:12:50.155 [FXGL Background Thread 1 ] DEBUG InitAppTask          - Initializing Game
13:12:50.159 [FXGL Background Thread 1 ] DEBUG AssetLoader          - Loading from disk: /assets/textures/background.png
13:12:50.444 [FXGL Background Thread 1 ] DEBUG AssetLoader          - Loading from disk: /assets/textures/player2_still.png
13:12:50.463 [FXGL Background Thread 1 ] DEBUG InitAppTask          - Initializing Physics
13:12:50.463 [FXGL Background Thread 1 ] DEBUG InitAppTask          - Initializing UI
13:12:50.470 [FXGL Background Thread 1 ] DEBUG InitAppTask          - Initialization Complete
13:12:50.470 [FXGL Background Thread 1 ] INFO  InitAppTask          - Game initialization took: 0.316 sec
13:12:50.533 [JavaFX Application Thread] DEBUG AssetLoader          - Loading from disk: /assets/ui/css/fxgl_dark.css
13:12:50.534 [JavaFX Application Thread] DEBUG Input                - Clearing active input actions
13:12:50.549 [JavaFX Application Thread] DEBUG MainWindow           - LoadingScene -> GameScene
13:12:50.549 [JavaFX Application Thread] DEBUG Engine               - Removing overlay from LoadingScene and adding to GameScene
13:12:52.658 [JavaFX Application Thread] DEBUG AssetLoader          - Loading from disk: /assets/textures/player2.gif
13:12:52.725 [JavaFX Application Thread] DEBUG AssetLoader          - Loading from cache: /assets/textures/player2.gif
13:12:52.731 [JavaFX Application Thread] DEBUG AssetLoader          - Loading from cache: /assets/textures/player2.gif
13:12:52.738 [JavaFX Application Thread] DEBUG AssetLoader          - Loading from cache: /assets/textures/player2.gif
13:12:52.754 [JavaFX Application Thread] DEBUG AssetLoader          - Loading from cache: /assets/textures/player2.gif
13:12:52.770 [JavaFX Application Thread] DEBUG AssetLoader          - Loading from cache: /assets/textures/player2.gif
13:12:52.786 [JavaFX Application Thread] DEBUG AssetLoader          - Loading from cache: /assets/textures/player2.gif
13:12:52.802 [JavaFX Application Thread] DEBUG AssetLoader          - Loading from cache: /assets/textures/player2.gif
13:12:52.818 [JavaFX Application Thread] DEBUG AssetLoader          - Loading from cache: /assets/textures/player2.gif
13:12:52.834 [JavaFX Application Thread] DEBUG AssetLoader          - Loading from cache: /assets/textures/player2.gif
13:12:52.850 [JavaFX Application Thread] DEBUG AssetLoader          - Loading from cache: /assets/textures/player2.gif
13:12:52.867 [JavaFX Application Thread] DEBUG AssetLoader          - Loading from cache: /assets/textures/player2.gif
13:12:52.882 [JavaFX Application Thread] DEBUG AssetLoader          - Loading from cache: /assets/textures/player2.gif
13:12:52.914 [JavaFX Application Thread] DEBUG AssetLoader          - Loading from cache: /assets/textures/player2.gif
13:12:52.929 [JavaFX Application Thread] DEBUG AssetLoader          - Loading from cache: /assets/textures/player2.gif
13:12:52.946 [JavaFX Application Thread] DEBUG AssetLoader          - Loading from cache: /assets/textures/player2.gif
13:12:52.962 [JavaFX Application Thread] DEBUG AssetLoader          - Loading from cache: /assets/textures/player2.gif
13:12:52.978 [JavaFX Application Thread] DEBUG AssetLoader          - Loading from cache: /assets/textures/player2.gif
13:12:52.994 [JavaFX Application Thread] DEBUG AssetLoader          - Loading from cache: /assets/textures/player2.gif
13:12:53.010 [JavaFX Application Thread] DEBUG AssetLoader          - Loading from cache: /assets/textures/player2.gif
13:12:53.025 [JavaFX Application Thread] DEBUG AssetLoader          - Loading from cache: /assets/textures/player2.gif
13:12:53.041 [JavaFX Application Thread] DEBUG AssetLoader          - Loading from cache: /assets/textures/player2.gif
13:12:53.058 [JavaFX Application Thread] DEBUG AssetLoader          - Loading from cache: /assets/textures/player2.gif
13:12:53.073 [JavaFX Application Thread] DEBUG AssetLoader          - Loading from cache: /assets/textures/player2.gif
13:12:53.090 [JavaFX Application Thread] DEBUG AssetLoader          - Loading from cache: /assets/textures/player2.gif
13:12:53.106 [JavaFX Application Thread] DEBUG AssetLoader          - Loading from cache: /assets/textures/player2.gif
13:12:53.122 [JavaFX Application Thread] DEBUG AssetLoader          - Loading from cache: /assets/textures/player2.gif
13:12:53.138 [JavaFX Application Thread] DEBUG AssetLoader          - Loading from cache: /assets/textures/player2.gif
13:12:53.154 [JavaFX Application Thread] DEBUG AssetLoader          - Loading from cache: /assets/textures/player2.gif
13:12:53.170 [JavaFX Application Thread] DEBUG AssetLoader          - Loading from cache: /assets/textures/player2.gif
13:12:53.186 [JavaFX Application Thread] DEBUG AssetLoader          - Loading from cache: /assets/textures/player2.gif
13:12:53.202 [JavaFX Application Thread] DEBUG AssetLoader          - Loading from cache: /assets/textures/player2.gif
13:12:53.250 [JavaFX Application Thread] DEBUG AssetLoader          - Loading from cache: /assets/textures/player2.gif
13:12:53.266 [JavaFX Application Thread] DEBUG AssetLoader          - Loading from cache: /assets/textures/player2.gif
13:12:53.283 [JavaFX Application Thread] DEBUG AssetLoader          - Loading from cache: /assets/textures/player2.gif
13:12:53.315 [JavaFX Application Thread] DEBUG AssetLoader          - Loading from cache: /assets/textures/player2.gif
13:12:53.330 [JavaFX Application Thread] DEBUG AssetLoader          - Loading from cache: /assets/textures/player2.gif
13:12:53.346 [JavaFX Application Thread] DEBUG AssetLoader          - Loading from cache: /assets/textures/player2.gif
13:12:53.362 [JavaFX Application Thread] DEBUG AssetLoader          - Loading from cache: /assets/textures/player2.gif
13:12:53.378 [JavaFX Application Thread] DEBUG AssetLoader          - Loading from cache: /assets/textures/player2.gif
13:12:53.394 [JavaFX Application Thread] DEBUG AssetLoader          - Loading from cache: /assets/textures/player2.gif
13:12:53.410 [JavaFX Application Thread] DEBUG AssetLoader          - Loading from cache: /assets/textures/player2.gif
13:12:53.426 [JavaFX Application Thread] DEBUG AssetLoader          - Loading from cache: /assets/textures/player2.gif
13:12:53.442 [JavaFX Application Thread] DEBUG AssetLoader          - Loading from cache: /assets/textures/player2.gif
13:12:53.457 [JavaFX Application Thread] DEBUG AssetLoader          - Loading from cache: /assets/textures/player2.gif
13:12:53.474 [JavaFX Application Thread] DEBUG AssetLoader          - Loading from cache: /assets/textures/player2.gif
13:12:53.490 [JavaFX Application Thread] DEBUG AssetLoader          - Loading from cache: /assets/textures/player2.gif
13:12:53.506 [JavaFX Application Thread] DEBUG AssetLoader          - Loading from cache: /assets/textures/player2.gif
13:12:53.522 [JavaFX Application Thread] DEBUG AssetLoader          - Loading from cache: /assets/textures/player2.gif
13:12:53.538 [JavaFX Application Thread] DEBUG AssetLoader          - Loading from cache: /assets/textures/player2.gif
13:12:53.553 [JavaFX Application Thread] DEBUG AssetLoader          - Loading from cache: /assets/textures/player2.gif
13:12:53.569 [JavaFX Application Thread] DEBUG AssetLoader          - Loading from cache: /assets/textures/player2.gif
13:12:53.585 [JavaFX Application Thread] DEBUG AssetLoader          - Loading from cache: /assets/textures/player2.gif
13:12:53.601 [JavaFX Application Thread] DEBUG AssetLoader          - Loading from cache: /assets/textures/player2.gif
13:12:53.618 [JavaFX Application Thread] DEBUG AssetLoader          - Loading from cache: /assets/textures/player2.gif
13:12:53.634 [JavaFX Application Thread] DEBUG AssetLoader          - Loading from cache: /assets/textures/player2.gif
13:12:53.650 [JavaFX Application Thread] DEBUG AssetLoader          - Loading from cache: /assets/textures/player2.gif
13:12:53.667 [JavaFX Application Thread] DEBUG AssetLoader          - Loading from cache: /assets/textures/player2.gif
13:12:53.683 [JavaFX Application Thread] DEBUG AssetLoader          - Loading from cache: /assets/textures/player2.gif
13:12:53.715 [JavaFX Application Thread] DEBUG AssetLoader          - Loading from cache: /assets/textures/player2.gif
13:12:53.730 [JavaFX Application Thread] DEBUG AssetLoader          - Loading from cache: /assets/textures/player2.gif
13:12:53.746 [JavaFX Application Thread] DEBUG AssetLoader          - Loading from cache: /assets/textures/player2.gif
13:12:53.762 [JavaFX Application Thread] DEBUG AssetLoader          - Loading from cache: /assets/textures/player2.gif
13:12:53.778 [JavaFX Application Thread] DEBUG AssetLoader          - Loading from cache: /assets/textures/player2.gif
13:12:53.794 [JavaFX Application Thread] DEBUG AssetLoader          - Loading from cache: /assets/textures/player2.gif
13:12:53.810 [JavaFX Application Thread] DEBUG AssetLoader          - Loading from cache: /assets/textures/player2.gif
13:12:53.826 [JavaFX Application Thread] DEBUG AssetLoader          - Loading from cache: /assets/textures/player2.gif
13:12:53.842 [JavaFX Application Thread] DEBUG AssetLoader          - Loading from cache: /assets/textures/player2.gif
13:12:53.857 [JavaFX Application Thread] DEBUG AssetLoader          - Loading from cache: /assets/textures/player2.gif
13:12:53.905 [JavaFX Application Thread] DEBUG AssetLoader          - Loading from cache: /assets/textures/player2.gif
13:12:53.921 [JavaFX Application Thread] DEBUG AssetLoader          - Loading from cache: /assets/textures/player2.gif
13:12:53.938 [JavaFX Application Thread] DEBUG AssetLoader          - Loading from cache: /assets/textures/player2.gif
13:12:54.034 [JavaFX Application Thread] DEBUG AssetLoader          - Loading from cache: /assets/textures/player2.gif
13:12:54.082 [JavaFX Application Thread] DEBUG AssetLoader          - Loading from cache: /assets/textures/player2.gif
13:12:54.114 [JavaFX Application Thread] DEBUG AssetLoader          - Loading from cache: /assets/textures/player2.gif
13:12:54.130 [JavaFX Application Thread] DEBUG AssetLoader          - Loading from cache: /assets/textures/player2.gif
13:12:54.146 [JavaFX Application Thread] DEBUG AssetLoader          - Loading from cache: /assets/textures/player2.gif
13:12:54.162 [JavaFX Application Thread] DEBUG AssetLoader          - Loading from cache: /assets/textures/player2.gif
13:12:54.177 [JavaFX Application Thread] DEBUG AssetLoader          - Loading from cache: /assets/textures/player2.gif
13:12:54.226 [JavaFX Application Thread] DEBUG AssetLoader          - Loading from cache: /assets/textures/player2.gif
13:12:54.242 [JavaFX Application Thread] DEBUG AssetLoader          - Loading from cache: /assets/textures/player2.gif
13:12:54.258 [JavaFX Application Thread] DEBUG AssetLoader          - Loading from cache: /assets/textures/player2.gif
13:12:54.274 [JavaFX Application Thread] DEBUG AssetLoader          - Loading from cache: /assets/textures/player2.gif
13:12:54.290 [JavaFX Application Thread] DEBUG AssetLoader          - Loading from cache: /assets/textures/player2.gif
13:12:54.306 [JavaFX Application Thread] DEBUG AssetLoader          - Loading from cache: /assets/textures/player2.gif
13:12:54.322 [JavaFX Application Thread] DEBUG AssetLoader          - Loading from cache: /assets/textures/player2.gif
13:12:54.338 [JavaFX Application Thread] DEBUG AssetLoader          - Loading from cache: /assets/textures/player2.gif
13:12:54.386 [JavaFX Application Thread] DEBUG AssetLoader          - Loading from cache: /assets/textures/player2.gif
13:12:54.402 [JavaFX Application Thread] DEBUG AssetLoader          - Loading from cache: /assets/textures/player2.gif
13:12:54.418 [JavaFX Application Thread] DEBUG AssetLoader          - Loading from cache: /assets/textures/player2.gif
13:12:54.434 [JavaFX Application Thread] DEBUG AssetLoader          - Loading from cache: /assets/textures/player2.gif
13:12:54.450 [JavaFX Application Thread] DEBUG AssetLoader          - Loading from cache: /assets/textures/player2.gif
13:12:54.467 [JavaFX Application Thread] DEBUG AssetLoader          - Loading from cache: /assets/textures/player2.gif
13:12:54.483 [JavaFX Application Thread] DEBUG AssetLoader          - Loading from cache: /assets/textures/player2.gif
13:12:54.514 [JavaFX Application Thread] DEBUG AssetLoader          - Loading from cache: /assets/textures/player2.gif
13:12:54.530 [JavaFX Application Thread] DEBUG AssetLoader          - Loading from cache: /assets/textures/player2.gif
13:12:54.546 [JavaFX Application Thread] DEBUG AssetLoader          - Loading from cache: /assets/textures/player2.gif
13:12:54.562 [JavaFX Application Thread] DEBUG AssetLoader          - Loading from cache: /assets/textures/player2.gif
13:12:54.578 [JavaFX Application Thread] DEBUG AssetLoader          - Loading from cache: /assets/textures/player2.gif
13:12:54.594 [JavaFX Application Thread] DEBUG AssetLoader          - Loading from cache: /assets/textures/player2.gif
13:12:54.610 [JavaFX Application Thread] DEBUG AssetLoader          - Loading from cache: /assets/textures/player2.gif
13:12:54.626 [JavaFX Application Thread] DEBUG AssetLoader          - Loading from cache: /assets/textures/player2.gif
13:12:54.642 [JavaFX Application Thread] DEBUG AssetLoader          - Loading from cache: /assets/textures/player2.gif
13:12:54.657 [JavaFX Application Thread] DEBUG AssetLoader          - Loading from cache: /assets/textures/player2.gif
13:12:54.674 [JavaFX Application Thread] DEBUG AssetLoader          - Loading from cache: /assets/textures/player2.gif
13:12:54.690 [JavaFX Application Thread] DEBUG AssetLoader          - Loading from cache: /assets/textures/player2.gif
13:12:54.705 [JavaFX Application Thread] DEBUG AssetLoader          - Loading from cache: /assets/textures/player2.gif
13:12:54.722 [JavaFX Application Thread] DEBUG AssetLoader          - Loading from cache: /assets/textures/player2.gif
13:12:54.737 [JavaFX Application Thread] DEBUG AssetLoader          - Loading from cache: /assets/textures/player2.gif
13:12:54.754 [JavaFX Application Thread] DEBUG AssetLoader          - Loading from cache: /assets/textures/player2.gif
13:12:54.769 [JavaFX Application Thread] DEBUG AssetLoader          - Loading from cache: /assets/textures/player2.gif
13:12:54.786 [JavaFX Application Thread] DEBUG AssetLoader          - Loading from cache: /assets/textures/player2.gif
13:12:54.802 [JavaFX Application Thread] DEBUG AssetLoader          - Loading from cache: /assets/textures/player2.gif
13:12:54.818 [JavaFX Application Thread] DEBUG AssetLoader          - Loading from cache: /assets/textures/player2.gif
13:12:54.834 [JavaFX Application Thread] DEBUG AssetLoader          - Loading from cache: /assets/textures/player2.gif
13:12:54.850 [JavaFX Application Thread] DEBUG AssetLoader          - Loading from cache: /assets/textures/player2.gif
13:12:54.867 [JavaFX Application Thread] DEBUG AssetLoader          - Loading from cache: /assets/textures/player2.gif
13:12:54.883 [JavaFX Application Thread] DEBUG AssetLoader          - Loading from cache: /assets/textures/player2.gif
13:12:54.914 [JavaFX Application Thread] DEBUG AssetLoader          - Loading from cache: /assets/textures/player2.gif
13:12:54.930 [JavaFX Application Thread] DEBUG AssetLoader          - Loading from cache: /assets/textures/player2.gif
13:12:54.945 [JavaFX Application Thread] DEBUG AssetLoader          - Loading from cache: /assets/textures/player2.gif
13:12:54.993 [JavaFX Application Thread] DEBUG AssetLoader          - Loading from cache: /assets/textures/player2.gif
13:12:55.009 [JavaFX Application Thread] DEBUG AssetLoader          - Loading from cache: /assets/textures/player2.gif
13:12:55.026 [JavaFX Application Thread] DEBUG AssetLoader          - Loading from cache: /assets/textures/player2.gif
13:12:55.041 [JavaFX Application Thread] DEBUG AssetLoader          - Loading from cache: /assets/textures/player2.gif
13:12:55.057 [JavaFX Application Thread] DEBUG AssetLoader          - Loading from cache: /assets/textures/player2.gif
13:12:55.073 [JavaFX Application Thread] DEBUG AssetLoader          - Loading from cache: /assets/textures/player2.gif
13:12:55.089 [JavaFX Application Thread] DEBUG AssetLoader          - Loading from cache: /assets/textures/player2.gif
13:12:55.105 [JavaFX Application Thread] DEBUG AssetLoader          - Loading from cache: /assets/textures/player2.gif
13:12:55.122 [JavaFX Application Thread] DEBUG AssetLoader          - Loading from cache: /assets/textures/player2_still.png
13:12:55.410 [JavaFX Application Thread] DEBUG AssetLoader          - Loading from cache: /assets/textures/player2.gif
13:12:55.411 [JavaFX Application Thread] DEBUG AssetLoader          - Loading from cache: /assets/textures/player2.gif
13:12:55.425 [JavaFX Application Thread] DEBUG AssetLoader          - Loading from cache: /assets/textures/player2.gif
13:12:55.442 [JavaFX Application Thread] DEBUG AssetLoader          - Loading from cache: /assets/textures/player2.gif
13:12:55.457 [JavaFX Application Thread] DEBUG AssetLoader          - Loading from cache: /assets/textures/player2.gif
13:12:55.474 [JavaFX Application Thread] DEBUG AssetLoader          - Loading from cache: /assets/textures/player2.gif
13:12:55.489 [JavaFX Application Thread] DEBUG AssetLoader          - Loading from cache: /assets/textures/player2.gif
13:12:55.505 [JavaFX Application Thread] DEBUG AssetLoader          - Loading from cache: /assets/textures/player2.gif
13:12:55.522 [JavaFX Application Thread] DEBUG AssetLoader          - Loading from cache: /assets/textures/player2.gif
13:12:55.538 [JavaFX Application Thread] DEBUG AssetLoader          - Loading from cache: /assets/textures/player2.gif
13:12:55.554 [JavaFX Application Thread] DEBUG AssetLoader          - Loading from cache: /assets/textures/player2.gif
13:12:55.566 [JavaFX Application Thread] DEBUG AssetLoader          - Loading from cache: /assets/textures/player2_still.png
13:12:56.914 [JavaFX Application Thread] DEBUG AssetLoader          - Loading from disk: /assets/textures/player2_flipped.gif
13:12:56.934 [JavaFX Application Thread] DEBUG AssetLoader          - Loading from cache: /assets/textures/player2_flipped.gif
13:12:56.946 [JavaFX Application Thread] DEBUG AssetLoader          - Loading from cache: /assets/textures/player2_flipped.gif
13:12:56.962 [JavaFX Application Thread] DEBUG AssetLoader          - Loading from cache: /assets/textures/player2_flipped.gif
13:12:56.978 [JavaFX Application Thread] DEBUG AssetLoader          - Loading from disk: /assets/textures/player2_still_flipped.png
13:12:58.738 [JavaFX Application Thread] DEBUG AssetLoader          - Loading from cache: /assets/textures/player2.gif
13:12:58.739 [JavaFX Application Thread] DEBUG AssetLoader          - Loading from cache: /assets/textures/player2.gif
13:12:58.747 [JavaFX Application Thread] DEBUG AssetLoader          - Loading from cache: /assets/textures/player2.gif
13:12:58.753 [JavaFX Application Thread] DEBUG AssetLoader          - Loading from cache: /assets/textures/player2.gif
13:12:58.770 [JavaFX Application Thread] DEBUG AssetLoader          - Loading from cache: /assets/textures/player2.gif
13:12:58.786 [JavaFX Application Thread] DEBUG AssetLoader          - Loading from cache: /assets/textures/player2.gif
13:12:58.801 [JavaFX Application Thread] DEBUG AssetLoader          - Loading from cache: /assets/textures/player2.gif
13:12:58.815 [JavaFX Application Thread] DEBUG AssetLoader          - Loading from cache: /assets/textures/player2_still.png
13:12:59.954 [JavaFX Application Thread] DEBUG AssetLoader          - Loading from cache: /assets/textures/player2_flipped.gif
13:12:59.969 [JavaFX Application Thread] DEBUG AssetLoader          - Loading from cache: /assets/textures/player2_flipped.gif
13:12:59.981 [JavaFX Application Thread] DEBUG AssetLoader          - Loading from cache: /assets/textures/player2_flipped.gif
13:12:59.985 [JavaFX Application Thread] DEBUG AssetLoader          - Loading from cache: /assets/textures/player2_flipped.gif
13:13:00.001 [JavaFX Application Thread] DEBUG AssetLoader          - Loading from cache: /assets/textures/player2_flipped.gif
13:13:00.054 [JavaFX Application Thread] DEBUG AssetLoader          - Loading from cache: /assets/textures/player2_still_flipped.png
13:13:02.763 [JavaFX Application Thread] DEBUG Engine               - Exiting FXGL
13:13:02.763 [JavaFX Application Thread] DEBUG Engine               - Shutting down background threads
13:13:02.763 [JavaFX Application Thread] DEBUG Engine               - Saving FXGL system data
13:13:02.767 [JavaFX Application Thread] DEBUG MobileFSService      - Writing to: C:\Users\fhb36\OneDrive\Desktop\Workshop\SampleGame\system\fxgl.bundle
13:13:02.770 [JavaFX Application Thread] DEBUG Engine               - Closing logger and exiting JavaFX
